<?xml version="1.0" encoding="UTF-8"?>
<!-- Generated by org.testng.reporters.JUnitXMLReporter -->
<testsuite ignored="8" hostname="MacBookPro.Dlink" failures="0" tests="4" name="Adversarial and Edge Cases" time="0.258" errors="0" timestamp="2026-04-14T00:04:05 IST">
  <testcase classname="com.aigoalcoach.tests.GoalCoachApiTests" name="testGibberishInput" time="0.059"/>
  <testcase classname="com.aigoalcoach.tests.GoalCoachApiTests" name="testEmptyString" time="0.049"/>
  <testcase classname="com.aigoalcoach.tests.GoalCoachApiTests" name="testPromptInjection" time="0.065"/>
  <testcase classname="com.aigoalcoach.tests.GoalCoachApiTests" name="testResponsePerformance" time="0.068"/>
  <testcase classname="com.aigoalcoach.tests.GoalCoachApiTests" name="testArrayViolationBug" time="0.0">
    <ignored/>
  </testcase> <!-- testArrayViolationBug -->
  <testcase classname="com.aigoalcoach.tests.GoalCoachApiTests" name="testInvalidDataType" time="0.0">
    <ignored/>
  </testcase> <!-- testInvalidDataType -->
  <testcase classname="com.aigoalcoach.tests.GoalCoachApiTests" name="testValidSchema" time="0.0">
    <ignored/>
  </testcase> <!-- testValidSchema -->
  <testcase classname="com.aigoalcoach.tests.GoalCoachApiTests" name="testMissingFieldBug" time="0.0">
    <ignored/>
  </testcase> <!-- testMissingFieldBug -->
  <testcase classname="com.aigoalcoach.tests.GoalCoachApiTests" name="testHappyPathUpskill" time="0.0">
    <ignored/>
  </testcase> <!-- testHappyPathUpskill -->
  <testcase classname="com.aigoalcoach.tests.GoalCoachApiTests" name="testArrayUpperBound" time="0.0">
    <ignored/>
  </testcase> <!-- testArrayUpperBound -->
  <testcase classname="com.aigoalcoach.tests.GoalCoachApiTests" name="testHappyPathSales" time="0.0">
    <ignored/>
  </testcase> <!-- testHappyPathSales -->
  <testcase classname="com.aigoalcoach.tests.GoalCoachApiTests" name="testArrayLowerBound" time="0.0">
    <ignored/>
  </testcase> <!-- testArrayLowerBound -->
</testsuite> <!-- Adversarial and Edge Cases -->
