<?xml version="1.0" encoding="UTF-8"?>
<!-- Generated by org.testng.reporters.JUnitXMLReporter -->
<testsuite ignored="7" hostname="MacBookPro.Dlink" failures="0" tests="5" name="Business Logic and Boundaries" time="0.443" errors="0" timestamp="2026-04-15T00:38:41 IST">
  <testcase classname="com.aigoalcoach.tests.GoalCoachApiTests" name="testHappyPathSales" time="0.059"/>
  <testcase classname="com.aigoalcoach.tests.GoalCoachApiTests" name="testHappyPathUpskill" time="0.05"/>
  <testcase classname="com.aigoalcoach.tests.GoalCoachApiTests" name="testArrayLowerBound" time="0.089"/>
  <testcase classname="com.aigoalcoach.tests.GoalCoachApiTests" name="testArrayUpperBound" time="0.108"/>
  <testcase classname="com.aigoalcoach.tests.GoalCoachApiTests" name="testArrayViolationBug" time="0.107"/>
  <testcase classname="com.aigoalcoach.tests.GoalCoachApiTests" name="testGibberishInput" time="0.0">
    <ignored/>
  </testcase> <!-- testGibberishInput -->
  <testcase classname="com.aigoalcoach.tests.GoalCoachApiTests" name="testEmptyString" time="0.0">
    <ignored/>
  </testcase> <!-- testEmptyString -->
  <testcase classname="com.aigoalcoach.tests.GoalCoachApiTests" name="testMissingFieldBug" time="0.0">
    <ignored/>
  </testcase> <!-- testMissingFieldBug -->
  <testcase classname="com.aigoalcoach.tests.GoalCoachApiTests" name="testInvalidDataType" time="0.0">
    <ignored/>
  </testcase> <!-- testInvalidDataType -->
  <testcase classname="com.aigoalcoach.tests.GoalCoachApiTests" name="testResponsePerformance" time="0.0">
    <ignored/>
  </testcase> <!-- testResponsePerformance -->
  <testcase classname="com.aigoalcoach.tests.GoalCoachApiTests" name="testPromptInjection" time="0.0">
    <ignored/>
  </testcase> <!-- testPromptInjection -->
  <testcase classname="com.aigoalcoach.tests.GoalCoachApiTests" name="testValidSchema" time="0.0">
    <ignored/>
  </testcase> <!-- testValidSchema -->
</testsuite> <!-- Business Logic and Boundaries -->
