<?xml version="1.0" encoding="UTF-8"?>
<!-- Generated by org.testng.reporters.JUnitXMLReporter -->
<testsuite ignored="9" hostname="MacBookPro.Dlink" failures="1" tests="3" name="Schema and Contract Validation" time="4.68" errors="0" timestamp="2026-04-15T00:38:40 IST">
  <testcase classname="com.aigoalcoach.tests.GoalCoachApiTests" name="testValidSchema" time="4.2"/>
  <testcase classname="com.aigoalcoach.tests.GoalCoachApiTests" name="testMissingFieldBug" time="0.087">
    <failure type="java.lang.AssertionError" message="[[BUG-002] confidence_score should be MISSING from this response (simulated defect – this assertion deliberately captures the bug state)] 
expected: null
 but was: 5">
      <![CDATA[java.lang.AssertionError: [[BUG-002] confidence_score should be MISSING from this response (simulated defect – this assertion deliberately captures the bug state)] 
expected: null
 but was: 5
at com.aigoalcoach.tests.GoalCoachApiTests.testMissingFieldBug(GoalCoachApiTests.java:112)
at java.base/java.util.ArrayList.forEach(ArrayList.java:1511)
... Removed 31 stack frames]]>
    </failure>
  </testcase> <!-- testMissingFieldBug -->
  <testcase classname="com.aigoalcoach.tests.GoalCoachApiTests" name="testInvalidDataType" time="0.069"/>
  <testcase classname="com.aigoalcoach.tests.GoalCoachApiTests" name="testPromptInjection" time="0.0">
    <ignored/>
  </testcase> <!-- testPromptInjection -->
  <testcase classname="com.aigoalcoach.tests.GoalCoachApiTests" name="testArrayViolationBug" time="0.0">
    <ignored/>
  </testcase> <!-- testArrayViolationBug -->
  <testcase classname="com.aigoalcoach.tests.GoalCoachApiTests" name="testArrayLowerBound" time="0.0">
    <ignored/>
  </testcase> <!-- testArrayLowerBound -->
  <testcase classname="com.aigoalcoach.tests.GoalCoachApiTests" name="testResponsePerformance" time="0.0">
    <ignored/>
  </testcase> <!-- testResponsePerformance -->
  <testcase classname="com.aigoalcoach.tests.GoalCoachApiTests" name="testHappyPathSales" time="0.0">
    <ignored/>
  </testcase> <!-- testHappyPathSales -->
  <testcase classname="com.aigoalcoach.tests.GoalCoachApiTests" name="testArrayUpperBound" time="0.0">
    <ignored/>
  </testcase> <!-- testArrayUpperBound -->
  <testcase classname="com.aigoalcoach.tests.GoalCoachApiTests" name="testGibberishInput" time="0.0">
    <ignored/>
  </testcase> <!-- testGibberishInput -->
  <testcase classname="com.aigoalcoach.tests.GoalCoachApiTests" name="testEmptyString" time="0.0">
    <ignored/>
  </testcase> <!-- testEmptyString -->
  <testcase classname="com.aigoalcoach.tests.GoalCoachApiTests" name="testHappyPathUpskill" time="0.0">
    <ignored/>
  </testcase> <!-- testHappyPathUpskill -->
</testsuite> <!-- Schema and Contract Validation -->
