<?xml version="1.0" encoding="UTF-8"?>
<testng-results ignored="0" total="12" passed="11" failed="1" skipped="0">
  <reporter-output>
  </reporter-output>
  <suite started-at="2026-04-15T00:38:35 IST" name="AI Goal Coach – Full Regression Suite" finished-at="2026-04-15T00:38:41 IST" duration-ms="5977">
    <groups>
    </groups>
    <test started-at="2026-04-15T00:38:35 IST" name="Schema and Contract Validation" finished-at="2026-04-15T00:38:40 IST" duration-ms="4680">
      <class name="com.aigoalcoach.tests.GoalCoachApiTests">
        <test-method signature="testValidSchema()[pri:0, instance:com.aigoalcoach.tests.GoalCoachApiTests@7f37b6d9]" started-at="2026-04-15T00:38:35 IST" name="testValidSchema" description="TC-01 | All JSON schema fields exist with correct data types" finished-at="2026-04-15T00:38:40 IST" duration-ms="4200" status="PASS">
          <reporter-output>
          </reporter-output>
        </test-method> <!-- testValidSchema -->
        <test-method signature="testMissingFieldBug()[pri:0, instance:com.aigoalcoach.tests.GoalCoachApiTests@7f37b6d9]" started-at="2026-04-15T00:38:40 IST" name="testMissingFieldBug" description="TC-02 | [BUG-002] confidence_score missing from response – SIMULATED FAIL" finished-at="2026-04-15T00:38:40 IST" duration-ms="87" status="FAIL">
          <exception class="java.lang.AssertionError">
            <message>
              <![CDATA[[[BUG-002] confidence_score should be MISSING from this response (simulated defect – this assertion deliberately captures the bug state)] 
expected: null
 but was: 5]]>
            </message>
            <full-stacktrace>
              <![CDATA[java.lang.AssertionError: [[BUG-002] confidence_score should be MISSING from this response (simulated defect – this assertion deliberately captures the bug state)] 
expected: null
 but was: 5
at com.aigoalcoach.tests.GoalCoachApiTests.testMissingFieldBug(GoalCoachApiTests.java:112)
at java.base/jdk.internal.reflect.NativeMethodAccessorImpl.invoke0(Native Method)
at java.base/jdk.internal.reflect.NativeMethodAccessorImpl.invoke(NativeMethodAccessorImpl.java:77)
at java.base/jdk.internal.reflect.DelegatingMethodAccessorImpl.invoke(DelegatingMethodAccessorImpl.java:43)
at java.base/java.lang.reflect.Method.invoke(Method.java:569)
at org.testng.internal.invokers.MethodInvocationHelper.invokeMethod(MethodInvocationHelper.java:139)
at org.testng.internal.invokers.TestInvoker.invokeMethod(TestInvoker.java:664)
at org.testng.internal.invokers.TestInvoker.invokeTestMethod(TestInvoker.java:228)
at org.testng.internal.invokers.MethodRunner.runInSequence(MethodRunner.java:63)
at org.testng.internal.invokers.TestInvoker$MethodInvocationAgent.invoke(TestInvoker.java:961)
at org.testng.internal.invokers.TestInvoker.invokeTestMethods(TestInvoker.java:201)
at org.testng.internal.invokers.TestMethodWorker.invokeTestMethods(TestMethodWorker.java:148)
at org.testng.internal.invokers.TestMethodWorker.run(TestMethodWorker.java:128)
at java.base/java.util.ArrayList.forEach(ArrayList.java:1511)
at org.testng.TestRunner.privateRun(TestRunner.java:819)
at org.testng.TestRunner.run(TestRunner.java:619)
at org.testng.SuiteRunner.runTest(SuiteRunner.java:443)
at org.testng.SuiteRunner.runSequentially(SuiteRunner.java:437)
at org.testng.SuiteRunner.privateRun(SuiteRunner.java:397)
at org.testng.SuiteRunner.run(SuiteRunner.java:336)
at org.testng.SuiteRunnerWorker.runSuite(SuiteRunnerWorker.java:52)
at org.testng.SuiteRunnerWorker.run(SuiteRunnerWorker.java:95)
at org.testng.TestNG.runSuitesSequentially(TestNG.java:1301)
at org.testng.TestNG.runSuitesLocally(TestNG.java:1228)
at org.testng.TestNG.runSuites(TestNG.java:1134)
at org.testng.TestNG.run(TestNG.java:1101)
at org.apache.maven.surefire.testng.TestNGExecutor.run(TestNGExecutor.java:308)
at org.apache.maven.surefire.testng.TestNGXmlTestSuite.execute(TestNGXmlTestSuite.java:71)
at org.apache.maven.surefire.testng.TestNGProvider.invoke(TestNGProvider.java:113)
at org.apache.maven.surefire.booter.ForkedBooter.runSuitesInProcess(ForkedBooter.java:385)
at org.apache.maven.surefire.booter.ForkedBooter.execute(ForkedBooter.java:162)
at org.apache.maven.surefire.booter.ForkedBooter.run(ForkedBooter.java:507)
at org.apache.maven.surefire.booter.ForkedBooter.main(ForkedBooter.java:495)
]]>
            </full-stacktrace>
          </exception> <!-- java.lang.AssertionError -->
          <reporter-output>
          </reporter-output>
        </test-method> <!-- testMissingFieldBug -->
        <test-method signature="testInvalidDataType()[pri:0, instance:com.aigoalcoach.tests.GoalCoachApiTests@7f37b6d9]" started-at="2026-04-15T00:38:40 IST" name="testInvalidDataType" description="TC-03 | confidence_score is Integer, not String or Float" finished-at="2026-04-15T00:38:40 IST" duration-ms="69" status="PASS">
          <reporter-output>
          </reporter-output>
        </test-method> <!-- testInvalidDataType -->
      </class> <!-- com.aigoalcoach.tests.GoalCoachApiTests -->
    </test> <!-- Schema and Contract Validation -->
    <test started-at="2026-04-15T00:38:40 IST" name="Business Logic and Boundaries" finished-at="2026-04-15T00:38:41 IST" duration-ms="443">
      <class name="com.aigoalcoach.tests.GoalCoachApiTests">
        <test-method signature="testHappyPathSales()[pri:0, instance:com.aigoalcoach.tests.GoalCoachApiTests@5399f6c5]" started-at="2026-04-15T00:38:40 IST" name="testHappyPathSales" description="TC-04 | Happy path – &#039;sales&#039; produces confident, bounded plan" finished-at="2026-04-15T00:38:40 IST" duration-ms="59" status="PASS">
          <reporter-output>
          </reporter-output>
        </test-method> <!-- testHappyPathSales -->
        <test-method signature="testHappyPathUpskill()[pri:0, instance:com.aigoalcoach.tests.GoalCoachApiTests@5399f6c5]" started-at="2026-04-15T00:38:40 IST" name="testHappyPathUpskill" description="TC-05 | Happy path – &#039;upskill&#039; produces confident, bounded plan" finished-at="2026-04-15T00:38:40 IST" duration-ms="50" status="PASS">
          <reporter-output>
          </reporter-output>
        </test-method> <!-- testHappyPathUpskill -->
        <test-method signature="testArrayLowerBound()[pri:0, instance:com.aigoalcoach.tests.GoalCoachApiTests@5399f6c5]" started-at="2026-04-15T00:38:40 IST" name="testArrayLowerBound" description="TC-06 | key_results contains &gt;= 3 items (lower bound)" finished-at="2026-04-15T00:38:40 IST" duration-ms="89" status="PASS">
          <reporter-output>
          </reporter-output>
        </test-method> <!-- testArrayLowerBound -->
        <test-method signature="testArrayUpperBound()[pri:0, instance:com.aigoalcoach.tests.GoalCoachApiTests@5399f6c5]" started-at="2026-04-15T00:38:40 IST" name="testArrayUpperBound" description="TC-07 | key_results contains &lt;= 5 items (upper bound)" finished-at="2026-04-15T00:38:41 IST" duration-ms="108" status="PASS">
          <reporter-output>
          </reporter-output>
        </test-method> <!-- testArrayUpperBound -->
        <test-method signature="testArrayViolationBug()[pri:0, instance:com.aigoalcoach.tests.GoalCoachApiTests@5399f6c5]" started-at="2026-04-15T00:38:41 IST" name="testArrayViolationBug" description="TC-08 | [BUG-001] key_results exceeds 5 items – SIMULATED FAIL" finished-at="2026-04-15T00:38:41 IST" duration-ms="107" status="PASS">
          <reporter-output>
          </reporter-output>
        </test-method> <!-- testArrayViolationBug -->
      </class> <!-- com.aigoalcoach.tests.GoalCoachApiTests -->
    </test> <!-- Business Logic and Boundaries -->
    <test started-at="2026-04-15T00:38:41 IST" name="Adversarial and Edge Cases" finished-at="2026-04-15T00:38:41 IST" duration-ms="687">
      <class name="com.aigoalcoach.tests.GoalCoachApiTests">
        <test-method is-config="true" signature="configureSuite()[pri:0, instance:com.aigoalcoach.tests.GoalCoachApiTests@58437801]" started-at="2026-04-15T00:38:34 IST" name="configureSuite" finished-at="2026-04-15T00:38:35 IST" duration-ms="1676" status="PASS">
          <reporter-output>
          </reporter-output>
        </test-method> <!-- configureSuite -->
        <test-method signature="testGibberishInput()[pri:0, instance:com.aigoalcoach.tests.GoalCoachApiTests@58437801]" started-at="2026-04-15T00:38:41 IST" name="testGibberishInput" description="TC-09 | Gibberish input yields confidence_score &lt;= 3" finished-at="2026-04-15T00:38:41 IST" duration-ms="92" status="PASS">
          <reporter-output>
          </reporter-output>
        </test-method> <!-- testGibberishInput -->
        <test-method signature="testEmptyString()[pri:0, instance:com.aigoalcoach.tests.GoalCoachApiTests@58437801]" started-at="2026-04-15T00:38:41 IST" name="testEmptyString" description="TC-10 | Empty string input returns safe sub-threshold fallback (score &lt; 8)" finished-at="2026-04-15T00:38:41 IST" duration-ms="117" status="PASS">
          <reporter-output>
          </reporter-output>
        </test-method> <!-- testEmptyString -->
        <test-method signature="testPromptInjection()[pri:0, instance:com.aigoalcoach.tests.GoalCoachApiTests@58437801]" started-at="2026-04-15T00:38:41 IST" name="testPromptInjection" description="TC-11 | Prompt injection is deflected to fallback scaffold (score &lt; 8 or 4xx)" finished-at="2026-04-15T00:38:41 IST" duration-ms="260" status="PASS">
          <reporter-output>
          </reporter-output>
        </test-method> <!-- testPromptInjection -->
        <test-method signature="testResponsePerformance()[pri:0, instance:com.aigoalcoach.tests.GoalCoachApiTests@58437801]" started-at="2026-04-15T00:38:41 IST" name="testResponsePerformance" description="TC-12 | API response time is &lt; 1500 ms" finished-at="2026-04-15T00:38:41 IST" duration-ms="199" status="PASS">
          <reporter-output>
          </reporter-output>
        </test-method> <!-- testResponsePerformance -->
      </class> <!-- com.aigoalcoach.tests.GoalCoachApiTests -->
    </test> <!-- Adversarial and Edge Cases -->
  </suite> <!-- AI Goal Coach – Full Regression Suite -->
</testng-results>
