<?xml version="1.0" encoding="UTF-8"?>
<!-- Generated by org.testng.reporters.JUnitReportReporter -->
<testsuite hostname="MacBookPro.Dlink" failures="1" tests="12" name="com.aigoalcoach.tests.GoalCoachApiTests" time="5.437" errors="0" timestamp="2026-04-15T00:38:42 IST" skipped="0">
  <testcase classname="com.aigoalcoach.tests.GoalCoachApiTests" name="testResponsePerformance" time="0.199"/>
  <testcase classname="com.aigoalcoach.tests.GoalCoachApiTests" name="testInvalidDataType" time="0.069"/>
  <testcase classname="com.aigoalcoach.tests.GoalCoachApiTests" name="testHappyPathSales" time="0.059"/>
  <testcase classname="com.aigoalcoach.tests.GoalCoachApiTests" name="testPromptInjection" time="0.260"/>
  <testcase classname="com.aigoalcoach.tests.GoalCoachApiTests" name="testValidSchema" time="4.200"/>
  <testcase classname="com.aigoalcoach.tests.GoalCoachApiTests" name="testArrayUpperBound" time="0.108"/>
  <testcase classname="com.aigoalcoach.tests.GoalCoachApiTests" name="testMissingFieldBug" time="0.087">
    <failure message="[[BUG-002] confidence_score should be MISSING from this response (simulated defect – this assertion deliberately captures the bug state)] 
expected: null
 but was: 5" type="java.lang.AssertionError">
      <![CDATA[java.lang.AssertionError: [[BUG-002] confidence_score should be MISSING from this response (simulated defect – this assertion deliberately captures the bug state)] 
expected: null
 but was: 5
at com.aigoalcoach.tests.GoalCoachApiTests.testMissingFieldBug(GoalCoachApiTests.java:112)
at java.base/jdk.internal.reflect.NativeMethodAccessorImpl.invoke0(Native Method)
at java.base/jdk.internal.reflect.NativeMethodAccessorImpl.invoke(NativeMethodAccessorImpl.java:77)
at java.base/jdk.internal.reflect.DelegatingMethodAccessorImpl.invoke(DelegatingMethodAccessorImpl.java:43)
at java.base/java.lang.reflect.Method.invoke(Method.java:569)
at org.testng.internal.invokers.MethodInvocationHelper.invokeMethod(MethodInvocationHelper.java:139)
at org.testng.internal.invokers.TestInvoker.invokeMethod(TestInvoker.java:664)
at org.testng.internal.invokers.TestInvoker.invokeTestMethod(TestInvoker.java:228)
at org.testng.internal.invokers.MethodRunner.runInSequence(MethodRunner.java:63)
at org.testng.internal.invokers.TestInvoker$MethodInvocationAgent.invoke(TestInvoker.java:961)
at org.testng.internal.invokers.TestInvoker.invokeTestMethods(TestInvoker.java:201)
at org.testng.internal.invokers.TestMethodWorker.invokeTestMethods(TestMethodWorker.java:148)
at org.testng.internal.invokers.TestMethodWorker.run(TestMethodWorker.java:128)
at java.base/java.util.ArrayList.forEach(ArrayList.java:1511)
at org.testng.TestRunner.privateRun(TestRunner.java:819)
at org.testng.TestRunner.run(TestRunner.java:619)
at org.testng.SuiteRunner.runTest(SuiteRunner.java:443)
at org.testng.SuiteRunner.runSequentially(SuiteRunner.java:437)
at org.testng.SuiteRunner.privateRun(SuiteRunner.java:397)
at org.testng.SuiteRunner.run(SuiteRunner.java:336)
at org.testng.SuiteRunnerWorker.runSuite(SuiteRunnerWorker.java:52)
at org.testng.SuiteRunnerWorker.run(SuiteRunnerWorker.java:95)
at org.testng.TestNG.runSuitesSequentially(TestNG.java:1301)
at org.testng.TestNG.runSuitesLocally(TestNG.java:1228)
at org.testng.TestNG.runSuites(TestNG.java:1134)
at org.testng.TestNG.run(TestNG.java:1101)
at org.apache.maven.surefire.testng.TestNGExecutor.run(TestNGExecutor.java:308)
at org.apache.maven.surefire.testng.TestNGXmlTestSuite.execute(TestNGXmlTestSuite.java:71)
at org.apache.maven.surefire.testng.TestNGProvider.invoke(TestNGProvider.java:113)
at org.apache.maven.surefire.booter.ForkedBooter.runSuitesInProcess(ForkedBooter.java:385)
at org.apache.maven.surefire.booter.ForkedBooter.execute(ForkedBooter.java:162)
at org.apache.maven.surefire.booter.ForkedBooter.run(ForkedBooter.java:507)
at org.apache.maven.surefire.booter.ForkedBooter.main(ForkedBooter.java:495)
]]>
    </failure>
  </testcase> <!-- testMissingFieldBug -->
  <testcase classname="com.aigoalcoach.tests.GoalCoachApiTests" name="testHappyPathUpskill" time="0.050"/>
  <testcase classname="com.aigoalcoach.tests.GoalCoachApiTests" name="testArrayViolationBug" time="0.107"/>
  <testcase classname="com.aigoalcoach.tests.GoalCoachApiTests" name="testEmptyString" time="0.117"/>
  <testcase classname="com.aigoalcoach.tests.GoalCoachApiTests" name="testArrayLowerBound" time="0.089"/>
  <testcase classname="com.aigoalcoach.tests.GoalCoachApiTests" name="testGibberishInput" time="0.092"/>
</testsuite> <!-- com.aigoalcoach.tests.GoalCoachApiTests -->
